<?xml version="1.0" encoding="UTF-8"?>
<testsuite xmlns:xsi="http://www.w3.org/2001/XMLSchema-instance" xsi:noNamespaceSchemaLocation="https://maven.apache.org/surefire/maven-surefire-plugin/xsd/surefire-test-report.xsd" name="TestSuite" time="1.175" tests="40" errors="0" skipped="0" failures="0">
  <properties>
[...]
</properties>
  <testcase name="sumDoubleTest" classname="hw1.AddTest" time="0.008"/>
  <testcase name="sumDoubleTest" classname="hw1.AddTest" time="0"/>
  <testcase name="sumDoubleTest" classname="hw1.AddTest" time="0"/>
  <testcase name="sumDoubleTest" classname="hw1.AddTest" time="0"/>
  <testcase name="sumDoubleTest" classname="hw1.AddTest" time="0"/>
  <testcase name="sumDoubleTest" classname="hw1.AddTest" time="0"/>
  <testcase name="sumDoubleTest" classname="hw1.AddTest" time="0"/>
  <testcase name="sumDoubleTest" classname="hw1.AddTest" time="0.004"/>
  <testcase name="sumDoubleTest" classname="hw1.AddTest" time="0.001"/>
  <testcase name="sumDoubleTest" classname="hw1.AddTest" time="0"/>
  <testcase name="sumLongTest" classname="hw1.AddTest" time="0"/>
  <testcase name="sumLongTest" classname="hw1.AddTest" time="0"/>
  <testcase name="sumLongTest" classname="hw1.AddTest" time="0"/>
  <testcase name="sumLongTest" classname="hw1.AddTest" time="0"/>
  <testcase name="sumLongTest" classname="hw1.AddTest" time="0"/>
  <testcase name="sumLongTest" classname="hw1.AddTest" time="0.002"/>
  <testcase name="sumLongTest" classname="hw1.AddTest" time="0"/>
  <testcase name="sumLongTest" classname="hw1.AddTest" time="0"/>
  <testcase name="sumLongTest" classname="hw1.AddTest" time="0.001"/>
  <testcase name="sumLongTest" classname="hw1.AddTest" time="0.001"/>
  <testcase name="addDoubleTest" classname="hw1.SubtractTest" time="0.001"/>
  <testcase name="addDoubleTest" classname="hw1.SubtractTest" time="0.001"/>
  <testcase name="addDoubleTest" classname="hw1.SubtractTest" time="0"/>
  <testcase name="addDoubleTest" classname="hw1.SubtractTest" time="0"/>
  <testcase name="addDoubleTest" classname="hw1.SubtractTest" time="0.001"/>
  <testcase name="addDoubleTest" classname="hw1.SubtractTest" time="0"/>
  <testcase name="addDoubleTest" classname="hw1.SubtractTest" time="0"/>
  <testcase name="addDoubleTest" classname="hw1.SubtractTest" time="0"/>
  <testcase name="addDoubleTest" classname="hw1.SubtractTest" time="0"/>
  <testcase name="addDoubleTest" classname="hw1.SubtractTest" time="0.001"/>
  <testcase name="addLongTest" classname="hw1.SubtractTest" time="0"/>
  <testcase name="addLongTest" classname="hw1.SubtractTest" time="0.001"/>
  <testcase name="addLongTest" classname="hw1.SubtractTest" time="0"/>
  <testcase name="addLongTest" classname="hw1.SubtractTest" time="0"/>
  <testcase name="addLongTest" classname="hw1.SubtractTest" time="0.001"/>
  <testcase name="addLongTest" classname="hw1.SubtractTest" time="0"/>
  <testcase name="addLongTest" classname="hw1.SubtractTest" time="0"/>
  <testcase name="addLongTest" classname="hw1.SubtractTest" time="0.001"/>
  <testcase name="addLongTest" classname="hw1.SubtractTest" time="0.001"/>
  <testcase name="addLongTest" classname="hw1.SubtractTest" time="0"/>
</testsuite>