<?xml version="1.0" encoding="UTF-8"?>
<testng-results ignored="0" total="40" passed="40" failed="0" skipped="0">
  <reporter-output>
  </reporter-output>
  <suite started-at="2021-03-22T20:11:09 MSK" name="SuiteAddSubtract" finished-at="2021-03-22T20:11:10 MSK" duration-ms="108">
    <groups>
      <group name="AddSubtract">
        <method signature="AddTest.sumDoubleTest(double, double)[pri:0, instance:hw1.AddTest@247bddad]" name="sumDoubleTest" class="hw1.AddTest"/>
        <method signature="AddTest.sumLongTest(long, long)[pri:0, instance:hw1.AddTest@247bddad]" name="sumLongTest" class="hw1.AddTest"/>
        <method signature="SubtractTest.addDoubleTest(double, double)[pri:0, instance:hw1.SubtractTest@d35dea7]" name="addDoubleTest" class="hw1.SubtractTest"/>
        <method signature="SubtractTest.addLongTest(long, long)[pri:0, instance:hw1.SubtractTest@d35dea7]" name="addLongTest" class="hw1.SubtractTest"/>
      </group> <!-- AddSubtract -->
    </groups>
    <test started-at="2021-03-22T20:11:09 MSK" name="AddSubtractTest" finished-at="2021-03-22T20:11:10 MSK" duration-ms="108">
      <class name="hw1.AddTest">
        <test-method signature="sumDoubleTest(double, double)[pri:0, instance:hw1.AddTest@247bddad]" started-at="2021-03-22T20:11:10 MSK" name="sumDoubleTest" data-provider="doubleData" finished-at="2021-03-22T20:11:10 MSK" duration-ms="5" status="PASS">
          <params>
            <param index="0">
              <value>
                <![CDATA[0.0]]>
              </value>
            </param>
            <param index="1">
              <value>
                <![CDATA[0.0]]>
              </value>
            </param>
          </params>
          <reporter-output>
          </reporter-output>
        </test-method> <!-- sumDoubleTest -->
        <test-method signature="sumDoubleTest(double, double)[pri:0, instance:hw1.AddTest@247bddad]" started-at="2021-03-22T20:11:10 MSK" name="sumDoubleTest" data-provider="doubleData" finished-at="2021-03-22T20:11:10 MSK" duration-ms="0" status="PASS">
          <params>
            <param index="0">
              <value>
                <![CDATA[0.0]]>
              </value>
            </param>
            <param index="1">
              <value>
                <![CDATA[7.0]]>
              </value>
            </param>
          </params>
          <reporter-output>
          </reporter-output>
        </test-method> <!-- sumDoubleTest -->
        <test-method signature="sumDoubleTest(double, double)[pri:0, instance:hw1.AddTest@247bddad]" started-at="2021-03-22T20:11:10 MSK" name="sumDoubleTest" data-provider="doubleData" finished-at="2021-03-22T20:11:10 MSK" duration-ms="1" status="PASS">
          <params>
            <param index="0">
              <value>
                <![CDATA[23.1]]>
              </value>
            </param>
            <param index="1">
              <value>
                <![CDATA[22.1]]>
              </value>
            </param>
          </params>
          <reporter-output>
          </reporter-output>
        </test-method> <!-- sumDoubleTest -->
        <test-method signature="sumDoubleTest(double, double)[pri:0, instance:hw1.AddTest@247bddad]" started-at="2021-03-22T20:11:10 MSK" name="sumDoubleTest" data-provider="doubleData" finished-at="2021-03-22T20:11:10 MSK" duration-ms="0" status="PASS">
          <params>
            <param index="0">
              <value>
                <![CDATA[6.0]]>
              </value>
            </param>
            <param index="1">
              <value>
                <![CDATA[0.0]]>
              </value>
            </param>
          </params>
          <reporter-output>
          </reporter-output>
        </test-method> <!-- sumDoubleTest -->
        <test-method signature="sumDoubleTest(double, double)[pri:0, instance:hw1.AddTest@247bddad]" started-at="2021-03-22T20:11:10 MSK" name="sumDoubleTest" data-provider="doubleData" finished-at="2021-03-22T20:11:10 MSK" duration-ms="0" status="PASS">
          <params>
            <param index="0">
              <value>
                <![CDATA[-23.1]]>
              </value>
            </param>
            <param index="1">
              <value>
                <![CDATA[-22.1]]>
              </value>
            </param>
          </params>
          <reporter-output>
          </reporter-output>
        </test-method> <!-- sumDoubleTest -->
        <test-method signature="sumDoubleTest(double, double)[pri:0, instance:hw1.AddTest@247bddad]" started-at="2021-03-22T20:11:10 MSK" name="sumDoubleTest" data-provider="doubleData" finished-at="2021-03-22T20:11:10 MSK" duration-ms="0" status="PASS">
          <params>
            <param index="0">
              <value>
                <![CDATA[-23.1]]>
              </value>
            </param>
            <param index="1">
              <value>
                <![CDATA[22.1]]>
              </value>
            </param>
          </params>
          <reporter-output>
          </reporter-output>
        </test-method> <!-- sumDoubleTest -->
        <test-method signature="sumDoubleTest(double, double)[pri:0, instance:hw1.AddTest@247bddad]" started-at="2021-03-22T20:11:10 MSK" name="sumDoubleTest" data-provider="doubleData" finished-at="2021-03-22T20:11:10 MSK" duration-ms="1" status="PASS">
          <params>
            <param index="0">
              <value>
                <![CDATA[1.7976931348623157E308]]>
              </value>
            </param>
            <param index="1">
              <value>
                <![CDATA[0.0]]>
              </value>
            </param>
          </params>
          <reporter-output>
          </reporter-output>
        </test-method> <!-- sumDoubleTest -->
        <test-method signature="sumDoubleTest(double, double)[pri:0, instance:hw1.AddTest@247bddad]" started-at="2021-03-22T20:11:10 MSK" name="sumDoubleTest" data-provider="doubleData" finished-at="2021-03-22T20:11:10 MSK" duration-ms="1" status="PASS">
          <params>
            <param index="0">
              <value>
                <![CDATA[1.7976931348623157E308]]>
              </value>
            </param>
            <param index="1">
              <value>
                <![CDATA[2.0]]>
              </value>
            </param>
          </params>
          <reporter-output>
          </reporter-output>
        </test-method> <!-- sumDoubleTest -->
        <test-method signature="sumDoubleTest(double, double)[pri:0, instance:hw1.AddTest@247bddad]" started-at="2021-03-22T20:11:10 MSK" name="sumDoubleTest" data-provider="doubleData" finished-at="2021-03-22T20:11:10 MSK" duration-ms="0" status="PASS">
          <params>
            <param index="0">
              <value>
                <![CDATA[4.9E-324]]>
              </value>
            </param>
            <param index="1">
              <value>
                <![CDATA[0.0]]>
              </value>
            </param>
          </params>
          <reporter-output>
          </reporter-output>
        </test-method> <!-- sumDoubleTest -->
        <test-method signature="sumDoubleTest(double, double)[pri:0, instance:hw1.AddTest@247bddad]" started-at="2021-03-22T20:11:10 MSK" name="sumDoubleTest" data-provider="doubleData" finished-at="2021-03-22T20:11:10 MSK" duration-ms="0" status="PASS">
          <params>
            <param index="0">
              <value>
                <![CDATA[4.9E-324]]>
              </value>
            </param>
            <param index="1">
              <value>
                <![CDATA[-2.0]]>
              </value>
            </param>
          </params>
          <reporter-output>
          </reporter-output>
        </test-method> <!-- sumDoubleTest -->
        <test-method signature="sumLongTest(long, long)[pri:0, instance:hw1.AddTest@247bddad]" started-at="2021-03-22T20:11:10 MSK" name="sumLongTest" data-provider="longData" finished-at="2021-03-22T20:11:10 MSK" duration-ms="1" status="PASS">
          <params>
            <param index="0">
              <value>
                <![CDATA[0]]>
              </value>
            </param>
            <param index="1">
              <value>
                <![CDATA[0]]>
              </value>
            </param>
          </params>
          <reporter-output>
          </reporter-output>
        </test-method> <!-- sumLongTest -->
        <test-method signature="sumLongTest(long, long)[pri:0, instance:hw1.AddTest@247bddad]" started-at="2021-03-22T20:11:10 MSK" name="sumLongTest" data-provider="longData" finished-at="2021-03-22T20:11:10 MSK" duration-ms="0" status="PASS">
          <params>
            <param index="0">
              <value>
                <![CDATA[0]]>
              </value>
            </param>
            <param index="1">
              <value>
                <![CDATA[7]]>
              </value>
            </param>
          </params>
          <reporter-output>
          </reporter-output>
        </test-method> <!-- sumLongTest -->
        <test-method signature="sumLongTest(long, long)[pri:0, instance:hw1.AddTest@247bddad]" started-at="2021-03-22T20:11:10 MSK" name="sumLongTest" data-provider="longData" finished-at="2021-03-22T20:11:10 MSK" duration-ms="0" status="PASS">
          <params>
            <param index="0">
              <value>
                <![CDATA[6]]>
              </value>
            </param>
            <param index="1">
              <value>
                <![CDATA[0]]>
              </value>
            </param>
          </params>
          <reporter-output>
          </reporter-output>
        </test-method> <!-- sumLongTest -->
        <test-method signature="sumLongTest(long, long)[pri:0, instance:hw1.AddTest@247bddad]" started-at="2021-03-22T20:11:10 MSK" name="sumLongTest" data-provider="longData" finished-at="2021-03-22T20:11:10 MSK" duration-ms="0" status="PASS">
          <params>
            <param index="0">
              <value>
                <![CDATA[-23]]>
              </value>
            </param>
            <param index="1">
              <value>
                <![CDATA[-22]]>
              </value>
            </param>
          </params>
          <reporter-output>
          </reporter-output>
        </test-method> <!-- sumLongTest -->
        <test-method signature="sumLongTest(long, long)[pri:0, instance:hw1.AddTest@247bddad]" started-at="2021-03-22T20:11:10 MSK" name="sumLongTest" data-provider="longData" finished-at="2021-03-22T20:11:10 MSK" duration-ms="0" status="PASS">
          <params>
            <param index="0">
              <value>
                <![CDATA[23]]>
              </value>
            </param>
            <param index="1">
              <value>
                <![CDATA[22]]>
              </value>
            </param>
          </params>
          <reporter-output>
          </reporter-output>
        </test-method> <!-- sumLongTest -->
        <test-method signature="sumLongTest(long, long)[pri:0, instance:hw1.AddTest@247bddad]" started-at="2021-03-22T20:11:10 MSK" name="sumLongTest" data-provider="longData" finished-at="2021-03-22T20:11:10 MSK" duration-ms="0" status="PASS">
          <params>
            <param index="0">
              <value>
                <![CDATA[-23]]>
              </value>
            </param>
            <param index="1">
              <value>
                <![CDATA[22]]>
              </value>
            </param>
          </params>
          <reporter-output>
          </reporter-output>
        </test-method> <!-- sumLongTest -->
        <test-method signature="sumLongTest(long, long)[pri:0, instance:hw1.AddTest@247bddad]" started-at="2021-03-22T20:11:10 MSK" name="sumLongTest" data-provider="longData" finished-at="2021-03-22T20:11:10 MSK" duration-ms="0" status="PASS">
          <params>
            <param index="0">
              <value>
                <![CDATA[9223372036854775807]]>
              </value>
            </param>
            <param index="1">
              <value>
                <![CDATA[0]]>
              </value>
            </param>
          </params>
          <reporter-output>
          </reporter-output>
        </test-method> <!-- sumLongTest -->
        <test-method signature="sumLongTest(long, long)[pri:0, instance:hw1.AddTest@247bddad]" started-at="2021-03-22T20:11:10 MSK" name="sumLongTest" data-provider="longData" finished-at="2021-03-22T20:11:10 MSK" duration-ms="1" status="PASS">
          <params>
            <param index="0">
              <value>
                <![CDATA[9223372036854775807]]>
              </value>
            </param>
            <param index="1">
              <value>
                <![CDATA[2]]>
              </value>
            </param>
          </params>
          <reporter-output>
          </reporter-output>
        </test-method> <!-- sumLongTest -->
        <test-method signature="sumLongTest(long, long)[pri:0, instance:hw1.AddTest@247bddad]" started-at="2021-03-22T20:11:10 MSK" name="sumLongTest" data-provider="longData" finished-at="2021-03-22T20:11:10 MSK" duration-ms="0" status="PASS">
          <params>
            <param index="0">
              <value>
                <![CDATA[-9223372036854775808]]>
              </value>
            </param>
            <param index="1">
              <value>
                <![CDATA[0]]>
              </value>
            </param>
          </params>
          <reporter-output>
          </reporter-output>
        </test-method> <!-- sumLongTest -->
        <test-method signature="sumLongTest(long, long)[pri:0, instance:hw1.AddTest@247bddad]" started-at="2021-03-22T20:11:10 MSK" name="sumLongTest" data-provider="longData" finished-at="2021-03-22T20:11:10 MSK" duration-ms="0" status="PASS">
          <params>
            <param index="0">
              <value>
                <![CDATA[-9223372036854775808]]>
              </value>
            </param>
            <param index="1">
              <value>
                <![CDATA[-2]]>
              </value>
            </param>
          </params>
          <reporter-output>
          </reporter-output>
        </test-method> <!-- sumLongTest -->
      </class> <!-- hw1.AddTest -->
      <class name="hw1.SubtractTest">
        <test-method signature="addDoubleTest(double, double)[pri:0, instance:hw1.SubtractTest@d35dea7]" started-at="2021-03-22T20:11:10 MSK" name="addDoubleTest" data-provider="doubleData" finished-at="2021-03-22T20:11:10 MSK" duration-ms="0" status="PASS">
          <params>
            <param index="0">
              <value>
                <![CDATA[0.0]]>
              </value>
            </param>
            <param index="1">
              <value>
                <![CDATA[0.0]]>
              </value>
            </param>
          </params>
          <reporter-output>
          </reporter-output>
        </test-method> <!-- addDoubleTest -->
        <test-method signature="addDoubleTest(double, double)[pri:0, instance:hw1.SubtractTest@d35dea7]" started-at="2021-03-22T20:11:10 MSK" name="addDoubleTest" data-provider="doubleData" finished-at="2021-03-22T20:11:10 MSK" duration-ms="0" status="PASS">
          <params>
            <param index="0">
              <value>
                <![CDATA[0.0]]>
              </value>
            </param>
            <param index="1">
              <value>
                <![CDATA[7.0]]>
              </value>
            </param>
          </params>
          <reporter-output>
          </reporter-output>
        </test-method> <!-- addDoubleTest -->
        <test-method signature="addDoubleTest(double, double)[pri:0, instance:hw1.SubtractTest@d35dea7]" started-at="2021-03-22T20:11:10 MSK" name="addDoubleTest" data-provider="doubleData" finished-at="2021-03-22T20:11:10 MSK" duration-ms="0" status="PASS">
          <params>
            <param index="0">
              <value>
                <![CDATA[6.0]]>
              </value>
            </param>
            <param index="1">
              <value>
                <![CDATA[0.0]]>
              </value>
            </param>
          </params>
          <reporter-output>
          </reporter-output>
        </test-method> <!-- addDoubleTest -->
        <test-method signature="addDoubleTest(double, double)[pri:0, instance:hw1.SubtractTest@d35dea7]" started-at="2021-03-22T20:11:10 MSK" name="addDoubleTest" data-provider="doubleData" finished-at="2021-03-22T20:11:10 MSK" duration-ms="0" status="PASS">
          <params>
            <param index="0">
              <value>
                <![CDATA[23.1]]>
              </value>
            </param>
            <param index="1">
              <value>
                <![CDATA[22.1]]>
              </value>
            </param>
          </params>
          <reporter-output>
          </reporter-output>
        </test-method> <!-- addDoubleTest -->
        <test-method signature="addDoubleTest(double, double)[pri:0, instance:hw1.SubtractTest@d35dea7]" started-at="2021-03-22T20:11:10 MSK" name="addDoubleTest" data-provider="doubleData" finished-at="2021-03-22T20:11:10 MSK" duration-ms="0" status="PASS">
          <params>
            <param index="0">
              <value>
                <![CDATA[-23.1]]>
              </value>
            </param>
            <param index="1">
              <value>
                <![CDATA[-22.1]]>
              </value>
            </param>
          </params>
          <reporter-output>
          </reporter-output>
        </test-method> <!-- addDoubleTest -->
        <test-method signature="addDoubleTest(double, double)[pri:0, instance:hw1.SubtractTest@d35dea7]" started-at="2021-03-22T20:11:10 MSK" name="addDoubleTest" data-provider="doubleData" finished-at="2021-03-22T20:11:10 MSK" duration-ms="0" status="PASS">
          <params>
            <param index="0">
              <value>
                <![CDATA[-23.1]]>
              </value>
            </param>
            <param index="1">
              <value>
                <![CDATA[22.1]]>
              </value>
            </param>
          </params>
          <reporter-output>
          </reporter-output>
        </test-method> <!-- addDoubleTest -->
        <test-method signature="addDoubleTest(double, double)[pri:0, instance:hw1.SubtractTest@d35dea7]" started-at="2021-03-22T20:11:10 MSK" name="addDoubleTest" data-provider="doubleData" finished-at="2021-03-22T20:11:10 MSK" duration-ms="0" status="PASS">
          <params>
            <param index="0">
              <value>
                <![CDATA[1.7976931348623157E308]]>
              </value>
            </param>
            <param index="1">
              <value>
                <![CDATA[0.0]]>
              </value>
            </param>
          </params>
          <reporter-output>
          </reporter-output>
        </test-method> <!-- addDoubleTest -->
        <test-method signature="addDoubleTest(double, double)[pri:0, instance:hw1.SubtractTest@d35dea7]" started-at="2021-03-22T20:11:10 MSK" name="addDoubleTest" data-provider="doubleData" finished-at="2021-03-22T20:11:10 MSK" duration-ms="0" status="PASS">
          <params>
            <param index="0">
              <value>
                <![CDATA[1.7976931348623157E308]]>
              </value>
            </param>
            <param index="1">
              <value>
                <![CDATA[2.0]]>
              </value>
            </param>
          </params>
          <reporter-output>
          </reporter-output>
        </test-method> <!-- addDoubleTest -->
        <test-method signature="addDoubleTest(double, double)[pri:0, instance:hw1.SubtractTest@d35dea7]" started-at="2021-03-22T20:11:10 MSK" name="addDoubleTest" data-provider="doubleData" finished-at="2021-03-22T20:11:10 MSK" duration-ms="1" status="PASS">
          <params>
            <param index="0">
              <value>
                <![CDATA[4.9E-324]]>
              </value>
            </param>
            <param index="1">
              <value>
                <![CDATA[0.0]]>
              </value>
            </param>
          </params>
          <reporter-output>
          </reporter-output>
        </test-method> <!-- addDoubleTest -->
        <test-method signature="addDoubleTest(double, double)[pri:0, instance:hw1.SubtractTest@d35dea7]" started-at="2021-03-22T20:11:10 MSK" name="addDoubleTest" data-provider="doubleData" finished-at="2021-03-22T20:11:10 MSK" duration-ms="0" status="PASS">
          <params>
            <param index="0">
              <value>
                <![CDATA[4.9E-324]]>
              </value>
            </param>
            <param index="1">
              <value>
                <![CDATA[-2.0]]>
              </value>
            </param>
          </params>
          <reporter-output>
          </reporter-output>
        </test-method> <!-- addDoubleTest -->
        <test-method signature="addLongTest(long, long)[pri:0, instance:hw1.SubtractTest@d35dea7]" started-at="2021-03-22T20:11:10 MSK" name="addLongTest" data-provider="longData" finished-at="2021-03-22T20:11:10 MSK" duration-ms="1" status="PASS">
          <params>
            <param index="0">
              <value>
                <![CDATA[0]]>
              </value>
            </param>
            <param index="1">
              <value>
                <![CDATA[0]]>
              </value>
            </param>
          </params>
          <reporter-output>
          </reporter-output>
        </test-method> <!-- addLongTest -->
        <test-method signature="addLongTest(long, long)[pri:0, instance:hw1.SubtractTest@d35dea7]" started-at="2021-03-22T20:11:10 MSK" name="addLongTest" data-provider="longData" finished-at="2021-03-22T20:11:10 MSK" duration-ms="0" status="PASS">
          <params>
            <param index="0">
              <value>
                <![CDATA[0]]>
              </value>
            </param>
            <param index="1">
              <value>
                <![CDATA[7]]>
              </value>
            </param>
          </params>
          <reporter-output>
          </reporter-output>
        </test-method> <!-- addLongTest -->
        <test-method signature="addLongTest(long, long)[pri:0, instance:hw1.SubtractTest@d35dea7]" started-at="2021-03-22T20:11:10 MSK" name="addLongTest" data-provider="longData" finished-at="2021-03-22T20:11:10 MSK" duration-ms="0" status="PASS">
          <params>
            <param index="0">
              <value>
                <![CDATA[6]]>
              </value>
            </param>
            <param index="1">
              <value>
                <![CDATA[0]]>
              </value>
            </param>
          </params>
          <reporter-output>
          </reporter-output>
        </test-method> <!-- addLongTest -->
        <test-method signature="addLongTest(long, long)[pri:0, instance:hw1.SubtractTest@d35dea7]" started-at="2021-03-22T20:11:10 MSK" name="addLongTest" data-provider="longData" finished-at="2021-03-22T20:11:10 MSK" duration-ms="0" status="PASS">
          <params>
            <param index="0">
              <value>
                <![CDATA[23]]>
              </value>
            </param>
            <param index="1">
              <value>
                <![CDATA[22]]>
              </value>
            </param>
          </params>
          <reporter-output>
          </reporter-output>
        </test-method> <!-- addLongTest -->
        <test-method signature="addLongTest(long, long)[pri:0, instance:hw1.SubtractTest@d35dea7]" started-at="2021-03-22T20:11:10 MSK" name="addLongTest" data-provider="longData" finished-at="2021-03-22T20:11:10 MSK" duration-ms="0" status="PASS">
          <params>
            <param index="0">
              <value>
                <![CDATA[-23]]>
              </value>
            </param>
            <param index="1">
              <value>
                <![CDATA[-22]]>
              </value>
            </param>
          </params>
          <reporter-output>
          </reporter-output>
        </test-method> <!-- addLongTest -->
        <test-method signature="addLongTest(long, long)[pri:0, instance:hw1.SubtractTest@d35dea7]" started-at="2021-03-22T20:11:10 MSK" name="addLongTest" data-provider="longData" finished-at="2021-03-22T20:11:10 MSK" duration-ms="0" status="PASS">
          <params>
            <param index="0">
              <value>
                <![CDATA[-23]]>
              </value>
            </param>
            <param index="1">
              <value>
                <![CDATA[22]]>
              </value>
            </param>
          </params>
          <reporter-output>
          </reporter-output>
        </test-method> <!-- addLongTest -->
        <test-method signature="addLongTest(long, long)[pri:0, instance:hw1.SubtractTest@d35dea7]" started-at="2021-03-22T20:11:10 MSK" name="addLongTest" data-provider="longData" finished-at="2021-03-22T20:11:10 MSK" duration-ms="1" status="PASS">
          <params>
            <param index="0">
              <value>
                <![CDATA[9223372036854775807]]>
              </value>
            </param>
            <param index="1">
              <value>
                <![CDATA[0]]>
              </value>
            </param>
          </params>
          <reporter-output>
          </reporter-output>
        </test-method> <!-- addLongTest -->
        <test-method signature="addLongTest(long, long)[pri:0, instance:hw1.SubtractTest@d35dea7]" started-at="2021-03-22T20:11:10 MSK" name="addLongTest" data-provider="longData" finished-at="2021-03-22T20:11:10 MSK" duration-ms="0" status="PASS">
          <params>
            <param index="0">
              <value>
                <![CDATA[9223372036854775807]]>
              </value>
            </param>
            <param index="1">
              <value>
                <![CDATA[2]]>
              </value>
            </param>
          </params>
          <reporter-output>
          </reporter-output>
        </test-method> <!-- addLongTest -->
        <test-method signature="addLongTest(long, long)[pri:0, instance:hw1.SubtractTest@d35dea7]" started-at="2021-03-22T20:11:10 MSK" name="addLongTest" data-provider="longData" finished-at="2021-03-22T20:11:10 MSK" duration-ms="0" status="PASS">
          <params>
            <param index="0">
              <value>
                <![CDATA[-9223372036854775808]]>
              </value>
            </param>
            <param index="1">
              <value>
                <![CDATA[0]]>
              </value>
            </param>
          </params>
          <reporter-output>
          </reporter-output>
        </test-method> <!-- addLongTest -->
        <test-method signature="addLongTest(long, long)[pri:0, instance:hw1.SubtractTest@d35dea7]" started-at="2021-03-22T20:11:10 MSK" name="addLongTest" data-provider="longData" finished-at="2021-03-22T20:11:10 MSK" duration-ms="0" status="PASS">
          <params>
            <param index="0">
              <value>
                <![CDATA[-9223372036854775808]]>
              </value>
            </param>
            <param index="1">
              <value>
                <![CDATA[-2]]>
              </value>
            </param>
          </params>
          <reporter-output>
          </reporter-output>
        </test-method> <!-- addLongTest -->
      </class> <!-- hw1.SubtractTest -->
    </test> <!-- AddSubtractTest -->
  </suite> <!-- SuiteAddSubtract -->
</testng-results>
