<?xml version="1.0" encoding="UTF-8"?>
<!-- Generated by org.testng.reporters.JUnitXMLReporter -->
<testsuite ignored="0" hostname="DESKTOP-P10AQS1" failures="0" tests="40" name="AddSubtractTest" time="0.108" errors="0" timestamp="2021-03-22T20:11:10 MSK">
  <testcase classname="hw1.AddTest" name="sumDoubleTest" time="0.005"/>
  <testcase classname="hw1.AddTest" name="sumDoubleTest" time="0.0"/>
  <testcase classname="hw1.AddTest" name="sumDoubleTest" time="0.0"/>
  <testcase classname="hw1.AddTest" name="sumDoubleTest" time="0.001"/>
  <testcase classname="hw1.AddTest" name="sumDoubleTest" time="0.0"/>
  <testcase classname="hw1.AddTest" name="sumDoubleTest" time="0.0"/>
  <testcase classname="hw1.AddTest" name="sumDoubleTest" time="0.001"/>
  <testcase classname="hw1.AddTest" name="sumDoubleTest" time="0.001"/>
  <testcase classname="hw1.AddTest" name="sumDoubleTest" time="0.0"/>
  <testcase classname="hw1.AddTest" name="sumDoubleTest" time="0.0"/>
  <testcase classname="hw1.AddTest" name="sumLongTest" time="0.001"/>
  <testcase classname="hw1.AddTest" name="sumLongTest" time="0.0"/>
  <testcase classname="hw1.AddTest" name="sumLongTest" time="0.0"/>
  <testcase classname="hw1.AddTest" name="sumLongTest" time="0.0"/>
  <testcase classname="hw1.AddTest" name="sumLongTest" time="0.0"/>
  <testcase classname="hw1.AddTest" name="sumLongTest" time="0.0"/>
  <testcase classname="hw1.AddTest" name="sumLongTest" time="0.0"/>
  <testcase classname="hw1.AddTest" name="sumLongTest" time="0.001"/>
  <testcase classname="hw1.AddTest" name="sumLongTest" time="0.0"/>
  <testcase classname="hw1.AddTest" name="sumLongTest" time="0.0"/>
  <testcase classname="hw1.SubtractTest" name="addDoubleTest" time="0.0"/>
  <testcase classname="hw1.SubtractTest" name="addDoubleTest" time="0.0"/>
  <testcase classname="hw1.SubtractTest" name="addDoubleTest" time="0.0"/>
  <testcase classname="hw1.SubtractTest" name="addDoubleTest" time="0.0"/>
  <testcase classname="hw1.SubtractTest" name="addDoubleTest" time="0.0"/>
  <testcase classname="hw1.SubtractTest" name="addDoubleTest" time="0.0"/>
  <testcase classname="hw1.SubtractTest" name="addDoubleTest" time="0.0"/>
  <testcase classname="hw1.SubtractTest" name="addDoubleTest" time="0.0"/>
  <testcase classname="hw1.SubtractTest" name="addDoubleTest" time="0.001"/>
  <testcase classname="hw1.SubtractTest" name="addDoubleTest" time="0.0"/>
  <testcase classname="hw1.SubtractTest" name="addLongTest" time="0.001"/>
  <testcase classname="hw1.SubtractTest" name="addLongTest" time="0.0"/>
  <testcase classname="hw1.SubtractTest" name="addLongTest" time="0.0"/>
  <testcase classname="hw1.SubtractTest" name="addLongTest" time="0.0"/>
  <testcase classname="hw1.SubtractTest" name="addLongTest" time="0.0"/>
  <testcase classname="hw1.SubtractTest" name="addLongTest" time="0.0"/>
  <testcase classname="hw1.SubtractTest" name="addLongTest" time="0.001"/>
  <testcase classname="hw1.SubtractTest" name="addLongTest" time="0.0"/>
  <testcase classname="hw1.SubtractTest" name="addLongTest" time="0.0"/>
  <testcase classname="hw1.SubtractTest" name="addLongTest" time="0.0"/>
</testsuite> <!-- AddSubtractTest -->
